[2024-01-30 22:06:22] error: 	User haphuthinh_admin login failed - Status Code: 500
[2024-01-30 22:06:38] error: 	User haphuthinh_admin login failed - Status Code: 500
[2024-01-30 22:06:52] error: 	User haphuthinh_admin login failed - Status Code: 500
[2024-01-30 22:07:04] error: 	User haphuthinh_admin login failed - Status Code: 500
[2024-01-31 09:44:29] error: 	User haphuthinh_admin login failed - Status Code: 500
[2024-01-31 09:55:30] error: 	User haphuthinh_admin login failed - Status Code: 500 - Response: {"statusCode":500,"status":"fail","message":"Login failed"}
[2024-01-31 10:06:45] error: 	User haphuthinh_admin login failed - Status Code: 500 - Response: {"statusCode":500,"status":"fail","message":"Login failed"}
[2024-01-31 10:12:57] error: 	User haphuthinh_admin POST in worler/schedule failed - Status Code: 201 - Response: {"id":28,"job":"mornitor","time":"*/5 * * * * *","content":"","scheduled":true,"createdAt":"2024-01-31T03:12:57.435Z","updatedAt":"2024-01-31T03:12:57.435Z","adminId":5}
[2024-02-19 08:55:13] error: 	User haphuthinh_admin POST failed in loan/employee - Status Code: 500
[2024-02-19 08:55:40] error: 	User haphuthinh_admin POST failed in loan/employee - Status Code: 409
[2024-02-19 08:55:47] error: 	User haphuthinh_admin POST failed in loan/employee - Status Code: 500
[2024-02-19 08:58:32] error: 	User haphuthinh_admin POST in loan/borrower failed - Status Code: 500 - Response: {"statusCode":500,"status":"fail","message":"Cant create borrowers: Username already exists"}
[2024-02-21 13:46:31] error: 	User haphuthinh_admin DELETE in worler/schedule failed - Status Code: 500 - Response: {"statusCode":500,"message":"Internal server error"}
[2024-02-26 14:19:36] error: 	http://localhost:3001/api/v1/loanpackage Not Available
[2024-02-26 14:20:37] error: 	
[2024-02-26 14:20:53] error: 	
[2024-02-26 14:21:10] error: 	Service http://localhost:3001/api/v1/authenticaion Not Available
[2024-02-26 14:22:21] error: 	No JWT
[2024-02-26 14:47:14] error: 	undefined
[2024-02-26 14:48:24] error: 	undefined
[2024-02-26 14:49:15] error: 	undefined
[2024-02-26 15:00:21] error: 	An instance of GetAllDto has failed the validation:
 - property status has failed the following constraints: isNumber 

[2024-02-26 15:02:18] error: 	Worker Service Not Available
[2024-02-26 15:02:31] error: 	Login failed
[2024-02-26 15:02:57] error: 	Login failed
[2024-02-26 15:03:54] error: 	Login failed
[2024-02-26 15:04:02] error: 	Login failed
[2024-02-26 15:04:15] error: 	Login failed
[2024-02-26 15:04:36] error: 	Login failed
[2024-02-26 15:10:26] error: 	Internal server error
[2024-02-26 15:10:41] error: 	Internal server error
[2024-02-26 15:11:04] error: 	An instance of GetAllDto has failed the validation:
 - property status has failed the following constraints: isString, isNotEmpty 
,An instance of GetAllDto has failed the validation:
 - property message has failed the following constraints: isString, isNotEmpty 
,An instance of GetAllDto has failed the validation:
 - property data has failed the following constraints: isArray, isNotEmpty 

[2024-02-26 15:11:12] error: 	An instance of GetAllDto has failed the validation:
 - property status has failed the following constraints: isString, isNotEmpty 
,An instance of GetAllDto has failed the validation:
 - property message has failed the following constraints: isString, isNotEmpty 
,An instance of GetAllDto has failed the validation:
 - property data has failed the following constraints: isArray, isNotEmpty 

[2024-02-26 16:54:26] error: 	Service http://localhost:3001/api/v1/authenticaion Not Available
[2024-02-26 16:54:46] error: 	Login failed
[2024-02-26 16:56:32] error: 	Login failed
[2024-02-26 16:57:47] error: 	Login failed
